<?xml version="1.0" encoding="UTF-8"?>
<!-- Generated by org.testng.reporters.JUnitReportReporter -->
<testsuite hostname="Umair-Boota-3520" failures="0" tests="4" name="com.qa.task3LoginTest.Task3_LoginTest" time="0.488" errors="0" timestamp="2024-02-24T18:21:39 PKT" skipped="0">
  <testcase classname="com.qa.task3LoginTest.Task3_LoginTest" name="loginPageTitleTest" time="0.011"/>
  <testcase classname="com.qa.task3LoginTest.Task3_LoginTest" name="loginTest" time="0.178"/>
  <testcase classname="com.qa.task3LoginTest.Task3_LoginTest" name="logoutTest" time="0.145"/>
  <testcase classname="com.qa.task3LoginTest.Task3_LoginTest" name="loginTestFalse" time="0.154"/>
</testsuite> <!-- com.qa.task3LoginTest.Task3_LoginTest -->
