<?xml version="1.0" encoding="UTF-8"?>
<!-- Generated by org.testng.reporters.JUnitReportReporter -->
<testsuite hostname="Umair-Boota-3520" failures="0" tests="1" name="com.qa.db.DataBaseTest" time="0.025" errors="0" timestamp="2024-02-24T21:29:34 PKT" skipped="0">
  <testcase classname="com.qa.db.DataBaseTest" name="test" time="0.025"/>
</testsuite> <!-- com.qa.db.DataBaseTest -->
